[2m4:48:45 pm[22m [31m[1m[vite][22m[39m Pre-transform error: Failed to resolve import "./styles.css" from "main.jsx". Does the file exist?
[2m4:48:46 pm[22m [31m[1m[vite][22m[39m [31mInternal server error: Failed to resolve import "./styles.css" from "main.jsx". Does the file exist?[39m
  Plugin: [35mvite:import-analysis[39m
  File: [36mC:/Users/acer/.vscode/KK/main.jsx[39m:4:7
[33m  3  |  import ReactDOM from "react-dom/client";
  4  |  import App from "./App";
  5  |  import "./styles.css";
     |          ^
  6  |  ReactDOM.createRoot(document.getElementById("root")).render(
  7  |    /* @__PURE__ */ jsxDEV(React.StrictMode, { children: /* @__PURE__ */ jsxDEV(App, {}, void 0, false, {[39m
      at TransformPluginContext._formatError (file:///C:/Users/acer/.vscode/KK/node_modules/vite/dist/node/chunks/dep-BK3b2jBa.js:49258:41)
      at TransformPluginContext.error (file:///C:/Users/acer/.vscode/KK/node_modules/vite/dist/node/chunks/dep-BK3b2jBa.js:49253:16)
      at normalizeUrl (file:///C:/Users/acer/.vscode/KK/node_modules/vite/dist/node/chunks/dep-BK3b2jBa.js:64307:23)
      at process.processTicksAndRejections (node:internal/process/task_queues:104:5)
      at async file:///C:/Users/acer/.vscode/KK/node_modules/vite/dist/node/chunks/dep-BK3b2jBa.js:64439:39
      at async Promise.all (index 4)
      at async TransformPluginContext.transform (file:///C:/Users/acer/.vscode/KK/node_modules/vite/dist/node/chunks/dep-BK3b2jBa.js:64366:7)
      at async PluginContainer.transform (file:///C:/Users/acer/.vscode/KK/node_modules/vite/dist/node/chunks/dep-BK3b2jBa.js:49099:18)
      at async loadAndTransform (file:///C:/Users/acer/.vscode/KK/node_modules/vite/dist/node/chunks/dep-BK3b2jBa.js:51978:27)
      at async viteTransformMiddleware (file:///C:/Users/acer/.vscode/KK/node_modules/vite/dist/node/chunks/dep-BK3b2jBa.js:62106:24)
